This is pdfTeX, Version 3.1415926-2.5-1.40.14 (MiKTeX 2.9 64-bit) (preloaded format=pdflatex 2014.8.28)  5 MAY 2015 19:41
entering extended mode
**revised.tex
(G:\library\tex\paper\revised.tex
LaTeX2e <2011/06/27>
Babel <v3.8m> and hyphenation patterns for english, afrikaans, ancientgreek, ar
abic, armenian, assamese, basque, bengali, bokmal, bulgarian, catalan, coptic, 
croatian, czech, danish, dutch, esperanto, estonian, farsi, finnish, french, ga
lician, german, german-x-2013-05-26, greek, gujarati, hindi, hungarian, iceland
ic, indonesian, interlingua, irish, italian, kannada, kurmanji, latin, latvian,
 lithuanian, malayalam, marathi, mongolian, mongolianlmc, monogreek, ngerman, n
german-x-2013-05-26, nynorsk, oriya, panjabi, pinyin, polish, portuguese, roman
ian, russian, sanskrit, serbian, slovak, slovenian, spanish, swedish, swissgerm
an, tamil, telugu, turkish, turkmen, ukenglish, ukrainian, uppersorbian, usengl
ishmax, welsh, loaded.
(D:\miktex\tex\latex\base\article.cls
Document Class: article 2007/10/19 v1.4h Standard LaTeX document class
(D:\miktex\tex\latex\base\size11.clo
File: size11.clo 2007/10/19 v1.4h Standard LaTeX file (size option)
)
\c@part=\count79
\c@section=\count80
\c@subsection=\count81
\c@subsubsection=\count82
\c@paragraph=\count83
\c@subparagraph=\count84
\c@figure=\count85
\c@table=\count86
\abovecaptionskip=\skip41
\belowcaptionskip=\skip42
\bibindent=\dimen102
) (D:\miktex\tex\latex\amsmath\amsmath.sty
Package: amsmath 2013/01/14 v2.14 AMS math features
\@mathmargin=\skip43
For additional information on amsmath, use the `?' option.
(D:\miktex\tex\latex\amsmath\amstext.sty
Package: amstext 2000/06/29 v2.01

(D:\miktex\tex\latex\amsmath\amsgen.sty
File: amsgen.sty 1999/11/30 v2.0
\@emptytoks=\toks14
\ex@=\dimen103
))
(D:\miktex\tex\latex\amsmath\amsbsy.sty
Package: amsbsy 1999/11/29 v1.2d
\pmbraise@=\dimen104
)
(D:\miktex\tex\latex\amsmath\amsopn.sty
Package: amsopn 1999/12/14 v2.01 operator names
)
\inf@bad=\count87
LaTeX Info: Redefining \frac on input line 210.
\uproot@=\count88
\leftroot@=\count89
LaTeX Info: Redefining \overline on input line 306.
\classnum@=\count90
\DOTSCASE@=\count91
LaTeX Info: Redefining \ldots on input line 378.
LaTeX Info: Redefining \dots on input line 381.
LaTeX Info: Redefining \cdots on input line 466.
\Mathstrutbox@=\box26
\strutbox@=\box27
\big@size=\dimen105
LaTeX Font Info:    Redeclaring font encoding OML on input line 566.
LaTeX Font Info:    Redeclaring font encoding OMS on input line 567.
\macc@depth=\count92
\c@MaxMatrixCols=\count93
\dotsspace@=\muskip10
\c@parentequation=\count94
\dspbrk@lvl=\count95
\tag@help=\toks15
\row@=\count96
\column@=\count97
\maxfields@=\count98
\andhelp@=\toks16
\eqnshift@=\dimen106
\alignsep@=\dimen107
\tagshift@=\dimen108
\tagwidth@=\dimen109
\totwidth@=\dimen110
\lineht@=\dimen111
\@envbody=\toks17
\multlinegap=\skip44
\multlinetaggap=\skip45
\mathdisplay@stack=\toks18
LaTeX Info: Redefining \[ on input line 2665.
LaTeX Info: Redefining \] on input line 2666.
) (G:\library\tex\paper\revised.aux)
LaTeX Font Info:    Checking defaults for OML/cmm/m/it on input line 3.
LaTeX Font Info:    ... okay on input line 3.
LaTeX Font Info:    Checking defaults for T1/cmr/m/n on input line 3.
LaTeX Font Info:    ... okay on input line 3.
LaTeX Font Info:    Checking defaults for OT1/cmr/m/n on input line 3.
LaTeX Font Info:    ... okay on input line 3.
LaTeX Font Info:    Checking defaults for OMS/cmsy/m/n on input line 3.
LaTeX Font Info:    ... okay on input line 3.
LaTeX Font Info:    Checking defaults for OMX/cmex/m/n on input line 3.
LaTeX Font Info:    ... okay on input line 3.
LaTeX Font Info:    Checking defaults for U/cmr/m/n on input line 3.
LaTeX Font Info:    ... okay on input line 3.

[1

{C:/Users/new/AppData/Local/MiKTeX/2.9/pdftex/config/pdftex.map}] [2]
(G:\library\tex\paper\revised.toc
Overfull \hbox (0.22519pt too wide) in paragraph at lines 7--7
 [][] []\OT1/cmr/m/n/10.95 Stochastic Pro-cess Anal-y-sis of Evap-o-tran-spi-ra
-tion and 
 []

)
\tf@toc=\write3
 [3] [4] [5] [6] [7] [8]
Overfull \hbox (31.15468pt too wide) in paragraph at lines 159--159
[] 
 []

[9]
Overfull \hbox (71.71886pt too wide) in paragraph at lines 180--180
[] 
 []


Overfull \hbox (10.12445pt too wide) in paragraph at lines 213--215
\OT1/cmr/m/n/10.95 for there be-ing a run-off gen-er-ated of depth $\OML/cmm/m/
it/10.95 r$ \OT1/cmr/m/n/10.95 equals to $\OML/cmm/m/it/10.95 \OT1/cmr/m/n/10.
95 (\OML/cmm/m/it/10.95 t\OT1/cmr/m/n/10.95 ) [][] \OML/cmm/m/it/10.95 f\OT1/cm
r/m/n/10.95 (\OML/cmm/m/it/10.95 z; t\OT1/cmr/m/n/10.95 )\OML/cmm/m/it/10.95 f[
]\OT1/cmr/m/n/10.95 (\OML/cmm/m/it/10.95 r \OT1/cmr/m/n/10.95 +$
 []

[10]
Overfull \hbox (5.28798pt too wide) in paragraph at lines 216--216
[]\OT1/cmr/bx/n/10.95 Stochastic Pro-cess Anal-y-sis of Evap-o-tran-spi-ra-tion
 and Leak-
 []

[11]
Overfull \hbox (5.75421pt too wide) in paragraph at lines 258--258
[]\OT1/cmr/bx/n/12 Spatial Up-scale Us-ing Catch-ment Stor-age Ca-pac-ity Curve
 
 []

[12] [13]
Missing character: There is no Ê in font cmr10!
Missing character: There is no µ in font cmr10!
Missing character: There is no Å in font cmr10!
Missing character: There is no Â in font cmr10!
Missing character: There is no ü in font cmr10!
Missing character: There is no ü in font cmr10!
Missing character: There is no Â in font cmr10!
Missing character: There is no ü in font cmr10!
Missing character: There is no ∫ in font cmr10!
Missing character: There is no Ê in font cmr10!
Missing character: There is no ú in font cmr10!
Missing character: There is no ¨ in font cmr10!
Missing character: There is no Á in font cmr10!
Missing character: There is no ä in font cmr10!
Missing character: There is no ∂ in font cmr10!
Missing character: There is no Â in font cmr10!
Missing character: There is no Ü in font cmr10!
Missing character: There is no µ in font cmr10!

! Undefined control sequence.
l.387 \resizebox
                {\textwidth}{!}{
The control sequence at the end of the top line
of your error message was never \def'ed. If you have
misspelled it (e.g., `\hobx'), type `I' and the correct
spelling (e.g., `I\hbox'). Otherwise just continue,
and I'll forget about whatever was undefined.

! Missing number, treated as zero.
<to be read again> 
                   }
l.387 \resizebox{\textwidth}
                            {!}{
A number should have been here; I inserted `0'.
(If you can't figure out why I needed to see a number,
look up `weird error' in the index to The TeXbook.)

! Illegal unit of measure (pt inserted).
<to be read again> 
                   }
l.387 \resizebox{\textwidth}
                            {!}{
Dimensions can be in units of em, ex, in, pt, pc,
cm, mm, dd, cc, nd, nc, bp, or sp; but yours is a new one!
I'll assume that you meant to say pt, for printer's points.
To recover gracefully from this error, it's best to
delete the erroneous units; e.g., type `2' to delete
two letters. (See Chapter 27 of The TeXbook.)

! Undefined control sequence.
l.390 \toprule
              [1.5 pt]
The control sequence at the end of the top line
of your error message was never \def'ed. If you have
misspelled it (e.g., `\hobx'), type `I' and the correct
spelling (e.g., `I\hbox'). Otherwise just continue,
and I'll forget about whatever was undefined.

Missing character: There is no Ê in font cmr8!
Missing character: There is no ∞ in font cmr8!
Missing character: There is no î in font cmr8!
Missing character: There is no Â in font cmr8!
Missing character: There is no Ä in font cmr8!
Missing character: There is no ô in font cmr8!
Missing character: There is no Á in font cmr8!
Missing character: There is no ± in font cmr8!
Missing character: There is no ª in font cmr8!
Missing character: There is no Â in font cmr8!
Missing character: There is no û in font cmr8!
Missing character: There is no ã in font cmr8!
Missing character: There is no Á in font cmr8!
Missing character: There is no º in font cmr8!
Missing character: There is no ñ in font cmr8!
Missing character: There is no Â in font cmr8!
Missing character: There is no è in font cmr8!
Missing character: There is no ∑ in font cmr8!
Missing character: There is no È in font cmr8!
Missing character: There is no ù in font cmr8!
Missing character: There is no ¢ in font cmr8!
Missing character: There is no Á in font cmr8!
Missing character: There is no ß in font cmr8!
Missing character: There is no Ø in font cmr8!
! Undefined control sequence.
l.393 \midrule
              [1 pt]
The control sequence at the end of the top line
of your error message was never \def'ed. If you have
misspelled it (e.g., `\hobx'), type `I' and the correct
spelling (e.g., `I\hbox'). Otherwise just continue,
and I'll forget about whatever was undefined.

! Undefined control sequence.
<recently read> \bottomrule 
                            
l.424 \bottomrule
                 [1.5 pt]
The control sequence at the end of the top line
of your error message was never \def'ed. If you have
misspelled it (e.g., `\hobx'), type `I' and the correct
spelling (e.g., `I\hbox'). Otherwise just continue,
and I'll forget about whatever was undefined.

[14] [15] (G:\library\tex\paper\revised.aux) ) 
Here is how much of TeX's memory you used:
 856 strings out of 493921
 9331 string characters out of 3154506
 66057 words of memory out of 3000000
 4200 multiletter control sequences out of 15000+200000
 10282 words of font info for 37 fonts, out of 3000000 for 9000
 841 hyphenation exceptions out of 8191
 27i,22n,20p,1359b,212s stack positions out of 5000i,500n,10000p,200000b,50000s
<D:/miktex/fonts/type1/public/ams
fonts/cm/cmbx10.pfb><D:/miktex/fonts/type1/public/amsfonts/cm/cmbx12.pfb><D:/mi
ktex/fonts/type1/public/amsfonts/cm/cmex10.pfb><D:/miktex/fonts/type1/public/am
sfonts/cm/cmmi10.pfb><D:/miktex/fonts/type1/public/amsfonts/cm/cmmi6.pfb><D:/mi
ktex/fonts/type1/public/amsfonts/cm/cmmi8.pfb><D:/miktex/fonts/type1/public/ams
fonts/cm/cmr10.pfb><D:/miktex/fonts/type1/public/amsfonts/cm/cmr12.pfb><D:/mikt
ex/fonts/type1/public/amsfonts/cm/cmr17.pfb><D:/miktex/fonts/type1/public/amsfo
nts/cm/cmr6.pfb><D:/miktex/fonts/type1/public/amsfonts/cm/cmr8.pfb><D:/miktex/f
onts/type1/public/amsfonts/cm/cmsy10.pfb><D:/miktex/fonts/type1/public/amsfonts
/cm/cmsy6.pfb><D:/miktex/fonts/type1/public/amsfonts/cm/cmsy8.pfb><D:/miktex/fo
nts/type1/public/amsfonts/cm/cmti10.pfb>
Output written on revised.pdf (15 pages, 222930 bytes).
PDF statistics:
 111 PDF objects out of 1000 (max. 8388607)
 0 named destinations out of 1000 (max. 500000)
 1 words of extra memory for PDF output out of 10000 (max. 10000000)

