This is XeTeX, Version 3.1415926-2.5-0.9999.3 (MiKTeX 2.9 64-bit) (preloaded format=xelatex 2014.8.25)  13 APR 2015 16:00
entering extended mode
**dummy.tex
(G:\library\tex\paper\agu\BibTeX\dummy.tex
LaTeX2e <2011/06/27>
Babel <v3.8m> and hyphenation patterns for english, afrikaans, ancientgreek, ar
abic, armenian, assamese, basque, bengali, bokmal, bulgarian, catalan, coptic, 
croatian, czech, danish, dutch, esperanto, estonian, farsi, finnish, french, ga
lician, german, german-x-2013-05-26, greek, gujarati, hindi, hungarian, iceland
ic, indonesian, interlingua, irish, italian, kannada, kurmanji, latin, latvian,
 lithuanian, malayalam, marathi, mongolian, mongolianlmc, monogreek, ngerman, n
german-x-2013-05-26, nynorsk, oriya, panjabi, pinyin, polish, portuguese, roman
ian, russian, sanskrit, serbian, slovak, slovenian, spanish, swedish, swissgerm
an, tamil, telugu, turkish, turkmen, ukenglish, ukrainian, uppersorbian, usengl
ishmax, welsh, loaded.
(D:\miktex\tex\latex\base\article.cls
Document Class: article 2007/10/19 v1.4h Standard LaTeX document class
(D:\miktex\tex\latex\base\size10.clo
File: size10.clo 2007/10/19 v1.4h Standard LaTeX file (size option)
)
\c@part=\count80
\c@section=\count81
\c@subsection=\count82
\c@subsubsection=\count83
\c@paragraph=\count84
\c@subparagraph=\count85
\c@figure=\count86
\c@table=\count87
\abovecaptionskip=\skip41
\belowcaptionskip=\skip42
\bibindent=\dimen102
)
(G:\library\tex\paper\agu\BibTeX\dummy.aux)
LaTeX Font Info:    Checking defaults for OML/cmm/m/it on input line 2.
LaTeX Font Info:    ... okay on input line 2.
LaTeX Font Info:    Checking defaults for T1/cmr/m/n on input line 2.
LaTeX Font Info:    ... okay on input line 2.
LaTeX Font Info:    Checking defaults for OT1/cmr/m/n on input line 2.
LaTeX Font Info:    ... okay on input line 2.
LaTeX Font Info:    Checking defaults for OMS/cmsy/m/n on input line 2.
LaTeX Font Info:    ... okay on input line 2.
LaTeX Font Info:    Checking defaults for OMX/cmex/m/n on input line 2.
LaTeX Font Info:    ... okay on input line 2.
LaTeX Font Info:    Checking defaults for U/cmr/m/n on input line 2.
LaTeX Font Info:    ... okay on input line 2.

(G:\library\tex\paper\agu\BibTeX\dummy.bbl [1

]
Underfull \hbox (badness 10000) in paragraph at lines 83--86
[]\OT1/cmr/m/n/10 Dibike, Y. B.,
 []


Underfull \hbox (badness 10000) in paragraph at lines 89--93
[]\OT1/cmr/m/n/10 Duan, Q.,
 []


Underfull \hbox (badness 4291) in paragraph at lines 105--109
[]\OT1/cmr/m/n/10 Gerrits, A. M. J.,
 []


Underfull \hbox (badness 1888) in paragraph at lines 117--120
[]\OT1/cmr/m/n/10 Gong, W., H. V. Gupta,
 []


Underfull \hbox (badness 10000) in paragraph at lines 129--131
[]\OT1/cmr/m/n/10 Granados, A.,
 []

[2]
Underfull \hbox (badness 10000) in paragraph at lines 142--144
[]\OT1/cmr/m/n/10 Hyv^^?arinen, A.,
 []


Underfull \hbox (badness 1622) in paragraph at lines 142--144
\OT1/cmr/m/n/10 J. Karhunen, and E. Oja (2004), \OT1/cmr/m/it/10 In-de-pen-dent
 com-po-nent anal-y-sis\OT1/cmr/m/n/10 ,
 []


Underfull \hbox (badness 10000) in paragraph at lines 152--154
[]\OT1/cmr/m/n/10 Kraskov, A.,
 []

Missing character: There is no — in font cmr10!
[3]
Underfull \hbox (badness 10000) in paragraph at lines 226--229
[]\OT1/cmr/m/n/10 Tekleab, S.,
 []

[4]
Underfull \hbox (badness 2980) in paragraph at lines 271--274
[]\OT1/cmr/m/n/10 Weijs, S. V., N. V. D.
 []


Underfull \hbox (badness 1371) in paragraph at lines 276--278
[]\OT1/cmr/m/n/10 Xiong, L., and S. Guo (1999), A two-parameter
 []

) [5] (G:\library\tex\paper\agu\BibTeX\dummy.aux)

LaTeX Warning: Label(s) may have changed. Rerun to get cross-references right.

 ) 
Here is how much of TeX's memory you used:
 274 strings out of 429025
 3265 string characters out of 3170806
 52001 words of memory out of 3000000
 3616 multiletter control sequences out of 15000+200000
 4591 words of font info for 17 fonts, out of 3000000 for 9000
 912 hyphenation exceptions out of 8191
 23i,4n,17p,194b,202s stack positions out of 5000i,500n,10000p,200000b,50000s

Output written on dummy.pdf (5 pages).
